c:\users\user\onedrive\it_cpp_2semester\coursework_fishing_game\coursework_fishing_game\x64\debug\vc143.pdb
c:\users\user\onedrive\it_cpp_2semester\coursework_fishing_game\coursework_fishing_game\x64\debug\vc143.idb
c:\users\user\onedrive\it_cpp_2semester\coursework_fishing_game\coursework_fishing_game\x64\debug\texturemanager.obj
c:\users\user\onedrive\it_cpp_2semester\coursework_fishing_game\coursework_fishing_game\x64\debug\gameobject.obj
c:\users\user\onedrive\it_cpp_2semester\coursework_fishing_game\coursework_fishing_game\x64\debug\game.obj
c:\users\user\onedrive\it_cpp_2semester\coursework_fishing_game\coursework_fishing_game\x64\debug\main.obj
c:\users\user\onedrive\it_cpp_2semester\coursework_fishing_game\coursework_fishing_game\x64\debug\vector2d.obj
c:\users\user\onedrive\it_cpp_2semester\coursework_fishing_game\coursework_fishing_game\x64\debug\map.obj
c:\users\user\onedrive\it_cpp_2semester\coursework_fishing_game\coursework_fishing_game\x64\debug\collision.obj
c:\users\user\onedrive\it_cpp_2semester\coursework_fishing_game\coursework_fishing_game\x64\debug\ecs.obj
c:\users\user\onedrive\it_cpp_2semester\coursework_fishing_game\coursework_fishing_game\x64\debug\fishes.obj
c:\users\user\onedrive\it_cpp_2semester\coursework_fishing_game\coursework_fishing_game\x64\debug\hooknplayer.obj
c:\users\user\onedrive\it_cpp_2semester\coursework_fishing_game\coursework_fishing_game\x64\debug\collision.obj.enc
c:\users\user\onedrive\it_cpp_2semester\coursework_fishing_game\coursework_fishing_game\x64\debug\ecs.obj.enc
c:\users\user\onedrive\it_cpp_2semester\coursework_fishing_game\coursework_fishing_game\x64\debug\game.obj.enc
c:\users\user\onedrive\it_cpp_2semester\coursework_fishing_game\x64\debug\coursework_fishing_game.pdb
c:\users\user\onedrive\it_cpp_2semester\coursework_fishing_game\coursework_fishing_game\x64\debug\coursewo.8cae2e53.tlog\cl.command.1.tlog
c:\users\user\onedrive\it_cpp_2semester\coursework_fishing_game\coursework_fishing_game\x64\debug\coursewo.8cae2e53.tlog\cl.items.tlog
c:\users\user\onedrive\it_cpp_2semester\coursework_fishing_game\coursework_fishing_game\x64\debug\coursewo.8cae2e53.tlog\cl.read.1.tlog
c:\users\user\onedrive\it_cpp_2semester\coursework_fishing_game\coursework_fishing_game\x64\debug\coursewo.8cae2e53.tlog\cl.write.1.tlog
c:\users\user\onedrive\it_cpp_2semester\coursework_fishing_game\coursework_fishing_game\x64\debug\coursewo.8cae2e53.tlog\link-cvtres.read.1.tlog
c:\users\user\onedrive\it_cpp_2semester\coursework_fishing_game\coursework_fishing_game\x64\debug\coursewo.8cae2e53.tlog\link-cvtres.write.1.tlog
c:\users\user\onedrive\it_cpp_2semester\coursework_fishing_game\coursework_fishing_game\x64\debug\coursewo.8cae2e53.tlog\link-rc.read.1.tlog
c:\users\user\onedrive\it_cpp_2semester\coursework_fishing_game\coursework_fishing_game\x64\debug\coursewo.8cae2e53.tlog\link-rc.write.1.tlog
c:\users\user\onedrive\it_cpp_2semester\coursework_fishing_game\coursework_fishing_game\x64\debug\coursewo.8cae2e53.tlog\link.12504-cvtres.read.1.tlog
c:\users\user\onedrive\it_cpp_2semester\coursework_fishing_game\coursework_fishing_game\x64\debug\coursewo.8cae2e53.tlog\link.12504-cvtres.write.1.tlog
c:\users\user\onedrive\it_cpp_2semester\coursework_fishing_game\coursework_fishing_game\x64\debug\coursewo.8cae2e53.tlog\link.12504-rc.read.1.tlog
c:\users\user\onedrive\it_cpp_2semester\coursework_fishing_game\coursework_fishing_game\x64\debug\coursewo.8cae2e53.tlog\link.12504-rc.write.1.tlog
c:\users\user\onedrive\it_cpp_2semester\coursework_fishing_game\coursework_fishing_game\x64\debug\coursewo.8cae2e53.tlog\link.12504.read.1.tlog
c:\users\user\onedrive\it_cpp_2semester\coursework_fishing_game\coursework_fishing_game\x64\debug\coursewo.8cae2e53.tlog\link.12504.read.2.tlog
c:\users\user\onedrive\it_cpp_2semester\coursework_fishing_game\coursework_fishing_game\x64\debug\coursewo.8cae2e53.tlog\link.12504.write.1.tlog
c:\users\user\onedrive\it_cpp_2semester\coursework_fishing_game\coursework_fishing_game\x64\debug\coursewo.8cae2e53.tlog\link.command.1.tlog
c:\users\user\onedrive\it_cpp_2semester\coursework_fishing_game\coursework_fishing_game\x64\debug\coursewo.8cae2e53.tlog\link.read.1.tlog
c:\users\user\onedrive\it_cpp_2semester\coursework_fishing_game\coursework_fishing_game\x64\debug\coursewo.8cae2e53.tlog\link.read.2.tlog
c:\users\user\onedrive\it_cpp_2semester\coursework_fishing_game\coursework_fishing_game\x64\debug\coursewo.8cae2e53.tlog\link.read.3.tlog
c:\users\user\onedrive\it_cpp_2semester\coursework_fishing_game\coursework_fishing_game\x64\debug\coursewo.8cae2e53.tlog\link.write.1.tlog
